2024-10-03 14:51:51,963 [INFO] Starting game launcher for R:/SteamLibrary/steamapps/common/Unturned/Unturned.exe with window pattern 'Unturned.*'
2024-10-03 14:51:51,977 [INFO] Game launched: R:/SteamLibrary/steamapps/common/Unturned/Unturned.exe
2024-10-03 14:51:55,819 [INFO] Game window detected.
2024-10-03 14:51:55,819 [INFO] Game launcher executed successfully.
2024-10-03 14:51:55,820 [INFO] Game window brought to the foreground.
2024-10-03 14:51:55,820 [INFO] Game is running. Activating controls.
2024-10-03 14:51:55,879 [INFO] Control loop started.
2024-10-03 14:52:14,326 [INFO] Jump
2024-10-03 14:52:14,327 [INFO] Jump;
2024-10-03 14:52:14,418 [INFO] Jump
2024-10-03 14:52:14,418 [INFO] Jump;
2024-10-03 14:52:14,702 [INFO] Move Right
2024-10-03 14:52:14,749 [INFO] Move Right
2024-10-03 14:52:16,414 [INFO] Jump
2024-10-03 14:52:16,415 [INFO] Jump;
2024-10-03 14:52:16,463 [INFO] Jump
2024-10-03 14:52:16,463 [INFO] Jump;
2024-10-03 14:52:17,989 [INFO] Jump
2024-10-03 14:52:17,989 [INFO] Jump;
2024-10-03 14:52:19,594 [INFO] Move Left
2024-10-03 14:52:19,643 [INFO] Move Left
2024-10-03 14:52:21,195 [INFO] Move Left
2024-10-03 14:52:21,966 [INFO] Attack
2024-10-03 14:52:22,565 [INFO] Move Left
2024-10-03 14:52:22,615 [INFO] Move Left
2024-10-03 14:52:22,659 [INFO] Move Left
2024-10-03 14:52:22,711 [INFO] Move Left
2024-10-03 14:52:22,767 [INFO] Move Left
2024-10-03 14:52:22,814 [INFO] Move Left
2024-10-03 14:52:22,953 [INFO] Move Left
2024-10-03 14:52:23,000 [INFO] Move Left
2024-10-03 14:52:23,207 [INFO] Move Left
2024-10-03 14:52:23,252 [INFO] Move Left
2024-10-03 14:52:23,299 [INFO] Move Left
2024-10-03 14:52:23,346 [INFO] Move Left
2024-10-03 14:52:23,396 [INFO] Move Left
2024-10-03 14:52:23,442 [INFO] Move Left
2024-10-03 14:52:23,491 [INFO] Move Left
2024-10-03 14:52:23,534 [INFO] Move Left
2024-10-03 14:52:23,582 [INFO] Move Left
2024-10-03 14:52:23,630 [INFO] Move Left
2024-10-03 14:52:23,682 [INFO] Move Left
2024-10-03 14:52:23,743 [INFO] Move Left
2024-10-03 14:52:24,154 [INFO] Jump
2024-10-03 14:52:24,154 [INFO] Jump;
2024-10-03 14:52:26,215 [INFO] Move Left
2024-10-03 14:52:30,777 [INFO] Jump
2024-10-03 14:52:30,777 [INFO] Jump;
2024-10-03 14:52:30,824 [INFO] Jump
2024-10-03 14:52:30,824 [INFO] Jump;
2024-10-03 14:52:31,133 [INFO] Move Left
2024-10-03 14:52:31,198 [INFO] Move Left
2024-10-03 14:52:32,417 [INFO] Move Left
2024-10-03 14:52:32,467 [INFO] Move Left
2024-10-03 14:52:32,526 [INFO] Move Left
2024-10-03 14:52:32,578 [INFO] Move Left
2024-10-03 14:52:33,304 [INFO] Move Right
2024-10-03 14:52:33,350 [INFO] Move Right
2024-10-03 14:52:33,404 [INFO] Move Right
2024-10-03 14:52:33,456 [INFO] Move Right
2024-10-03 14:52:33,501 [INFO] Move Right
2024-10-03 14:52:33,548 [INFO] Move Right
2024-10-03 14:52:33,596 [INFO] Move Right
2024-10-03 14:52:33,644 [INFO] Move Right
2024-10-03 14:52:33,692 [INFO] Move Right
2024-10-03 14:52:33,752 [INFO] Move Right
2024-10-03 14:52:34,951 [INFO] Move Right
2024-10-03 14:52:35,003 [INFO] Move Right
2024-10-03 14:52:35,051 [INFO] Move Right
2024-10-03 14:52:35,158 [INFO] Move Right
2024-10-03 14:52:35,201 [INFO] Move Right
2024-10-03 14:52:35,343 [INFO] Move Right
2024-10-03 14:52:35,396 [INFO] Move Right
2024-10-03 14:52:35,455 [INFO] Move Right
2024-10-03 14:52:35,499 [INFO] Move Right
2024-10-03 14:52:35,545 [INFO] Move Right
2024-10-03 14:52:36,717 [INFO] Move Left
2024-10-03 14:52:36,904 [INFO] Move Left
2024-10-03 14:52:36,966 [INFO] Move Left
2024-10-03 14:52:37,152 [INFO] Move Left
2024-10-03 14:52:37,257 [INFO] Move Left
2024-10-03 14:52:37,313 [INFO] Move Left
2024-10-03 14:52:37,356 [INFO] Move Left
2024-10-03 14:52:37,403 [INFO] Move Left
2024-10-03 14:52:37,495 [INFO] Move Right
2024-10-03 14:52:37,552 [INFO] Move Right
2024-10-03 14:52:37,594 [INFO] Move Right
2024-10-03 14:52:37,654 [INFO] Attack
2024-10-03 14:52:37,743 [INFO] Attack
2024-10-03 14:52:37,862 [INFO] Move Left
2024-10-03 14:52:37,942 [INFO] Move Left
2024-10-03 14:52:38,061 [INFO] Jump
2024-10-03 14:52:38,061 [INFO] Jump;
2024-10-03 14:52:38,137 [INFO] Jump
2024-10-03 14:52:38,137 [INFO] Jump;
2024-10-03 14:52:38,210 [INFO] Move Left
2024-10-03 14:52:38,249 [INFO] Move Left
2024-10-03 14:52:38,346 [INFO] Jump
2024-10-03 14:52:38,346 [INFO] Jump;
2024-10-03 14:52:38,795 [INFO] Move Left
2024-10-03 14:52:38,846 [INFO] Move Left
2024-10-03 14:52:38,902 [INFO] Move Left
2024-10-03 14:52:39,372 [INFO] Move Left; Jump
2024-10-03 14:52:39,372 [INFO] Jump;
2024-10-03 14:52:39,421 [INFO] Move Left
2024-10-03 14:52:40,371 [INFO] Jump
2024-10-03 14:52:40,371 [INFO] Jump;
2024-10-03 14:52:40,558 [INFO] Jump
2024-10-03 14:52:40,559 [INFO] Jump;
2024-10-03 14:52:41,414 [INFO] Jump
2024-10-03 14:52:41,414 [INFO] Jump;
2024-10-03 14:52:41,583 [INFO] Jump
2024-10-03 14:52:41,583 [INFO] Jump;
2024-10-03 14:52:41,644 [INFO] Jump
2024-10-03 14:52:41,645 [INFO] Jump;
2024-10-03 14:52:41,782 [INFO] Jump
2024-10-03 14:52:41,782 [INFO] Jump;
2024-10-03 14:52:41,924 [INFO] Move Left
2024-10-03 14:52:41,972 [INFO] Move Left; Jump
2024-10-03 14:52:41,973 [INFO] Jump;
2024-10-03 14:52:42,021 [INFO] Move Left
2024-10-03 14:52:42,113 [INFO] Jump
2024-10-03 14:52:42,113 [INFO] Jump;
2024-10-03 14:52:44,979 [INFO] Attack
2024-10-03 14:52:45,083 [INFO] Attack
2024-10-03 14:52:45,130 [INFO] Attack
2024-10-03 14:52:46,809 [INFO] Move Left
2024-10-03 14:52:49,486 [INFO] Jump
2024-10-03 14:52:49,486 [INFO] Jump;
2024-10-03 14:52:49,680 [INFO] Move Left; Jump
2024-10-03 14:52:49,680 [INFO] Jump;
2024-10-03 14:52:51,773 [INFO] Move Left
2024-10-03 14:52:51,838 [INFO] Move Left
2024-10-03 14:52:51,883 [INFO] Move Left
2024-10-03 14:52:51,934 [INFO] Move Left
2024-10-03 14:52:51,976 [INFO] Move Left
2024-10-03 14:52:52,029 [INFO] Move Left
2024-10-03 14:52:52,087 [INFO] Move Left
2024-10-03 14:52:52,134 [INFO] Move Left
2024-10-03 14:52:52,181 [INFO] Move Left
2024-10-03 14:52:52,233 [INFO] Move Left
2024-10-03 14:52:52,275 [INFO] Move Left
2024-10-03 14:52:52,324 [INFO] Move Left
2024-10-03 14:52:52,369 [INFO] Move Left
2024-10-03 14:52:52,416 [INFO] Move Left
2024-10-03 14:52:52,465 [INFO] Move Left
2024-10-03 14:52:52,516 [INFO] Move Left
2024-10-03 14:52:52,560 [INFO] Move Left
2024-10-03 14:52:52,607 [INFO] Move Left
2024-10-03 14:52:52,654 [INFO] Move Left
2024-10-03 14:52:52,703 [INFO] Move Left
2024-10-03 14:52:52,754 [INFO] Move Left
2024-10-03 14:52:52,815 [INFO] Move Left
2024-10-03 14:52:52,862 [INFO] Move Left
2024-10-03 14:52:52,925 [INFO] Move Left
2024-10-03 14:52:52,975 [INFO] Move Left
2024-10-03 14:52:53,034 [INFO] Move Left
2024-10-03 14:52:53,075 [INFO] Move Left
2024-10-03 14:52:53,124 [INFO] Move Left
2024-10-03 14:52:53,171 [INFO] Move Left
2024-10-03 14:52:53,222 [INFO] Move Left
2024-10-03 14:52:53,265 [INFO] Move Left
2024-10-03 14:52:53,315 [INFO] Move Left
2024-10-03 14:52:53,359 [INFO] Move Left
2024-10-03 14:52:53,409 [INFO] Move Left
2024-10-03 14:52:53,454 [INFO] Move Left
2024-10-03 14:52:53,504 [INFO] Move Left
2024-10-03 14:52:54,523 [INFO] Move Left
2024-10-03 14:52:54,577 [INFO] Move Left
2024-10-03 14:52:54,632 [INFO] Move Left
2024-10-03 14:52:54,681 [INFO] Move Left
2024-10-03 14:52:54,728 [INFO] Move Left
2024-10-03 14:52:54,776 [INFO] Move Left
2024-10-03 14:52:54,828 [INFO] Move Left
2024-10-03 14:52:54,891 [INFO] Move Left
2024-10-03 14:52:54,950 [INFO] Move Left
2024-10-03 14:52:56,362 [INFO] Move Left
2024-10-03 14:52:56,413 [INFO] Move Left
2024-10-03 14:52:56,457 [INFO] Move Left
2024-10-03 14:52:56,521 [INFO] Move Left
2024-10-03 14:52:56,581 [INFO] Move Left
2024-10-03 14:52:56,627 [INFO] Move Left
2024-10-03 14:52:56,676 [INFO] Move Left
2024-10-03 14:52:59,488 [INFO] Move Left
2024-10-03 14:52:59,537 [INFO] Move Left
2024-10-03 14:52:59,584 [INFO] Move Left
2024-10-03 14:52:59,642 [INFO] Move Left
2024-10-03 14:52:59,690 [INFO] Move Left
2024-10-03 14:52:59,740 [INFO] Move Left
2024-10-03 14:52:59,788 [INFO] Move Left
2024-10-03 14:52:59,833 [INFO] Move Left
2024-10-03 14:52:59,878 [INFO] Move Left
2024-10-03 14:52:59,930 [INFO] Move Left
2024-10-03 14:52:59,975 [INFO] Move Left
2024-10-03 14:53:00,026 [INFO] Move Left
2024-10-03 14:53:00,071 [INFO] Move Left
2024-10-03 14:53:00,113 [INFO] Move Left
2024-10-03 14:53:00,163 [INFO] Move Left
2024-10-03 14:53:00,210 [INFO] Move Left
2024-10-03 14:53:00,256 [INFO] Move Left
2024-10-03 14:53:00,302 [INFO] Move Left
2024-10-03 14:53:00,353 [INFO] Move Left
2024-10-03 14:53:00,409 [INFO] Move Left
2024-10-03 14:53:00,459 [INFO] Move Left
2024-10-03 14:53:00,506 [INFO] Move Left
2024-10-03 14:53:00,554 [INFO] Move Left
2024-10-03 14:53:00,601 [INFO] Move Left
2024-10-03 14:53:00,644 [INFO] Move Left
2024-10-03 14:53:00,693 [INFO] Move Left
2024-10-03 14:53:00,740 [INFO] Move Left
2024-10-03 14:53:00,786 [INFO] Move Left
2024-10-03 14:53:00,832 [INFO] Move Left
2024-10-03 14:53:02,081 [INFO] Jump
2024-10-03 14:53:02,081 [INFO] Jump;
2024-10-03 14:53:02,166 [INFO] Jump
2024-10-03 14:53:02,166 [INFO] Jump;
2024-10-03 14:53:02,284 [INFO] Jump
2024-10-03 14:53:02,285 [INFO] Jump;
2024-10-03 14:53:05,432 [INFO] Move Left
2024-10-03 14:54:36,411 [INFO] Starting game launcher for R:/SteamLibrary/steamapps/common/Unturned/Unturned.exe with window pattern 'Unturned.*'
2024-10-03 14:54:36,424 [INFO] Game launched: R:/SteamLibrary/steamapps/common/Unturned/Unturned.exe
2024-10-03 14:54:39,268 [INFO] Game window detected.
2024-10-03 14:54:39,268 [INFO] Game launcher executed successfully.
2024-10-03 14:54:39,270 [INFO] Game window brought to the foreground.
2024-10-03 14:54:39,270 [INFO] Game is running. Activating controls.
2024-10-03 14:54:39,365 [INFO] Control loop started.
2024-10-03 14:54:48,785 [INFO] Jump
2024-10-03 14:54:48,785 [INFO] Jump;
2024-10-03 14:54:48,971 [INFO] Move Left
2024-10-03 14:54:49,069 [INFO] Attack
2024-10-03 14:54:49,162 [INFO] Attack
2024-10-03 14:54:49,239 [INFO] Attack
2024-10-03 14:54:49,315 [INFO] Attack
2024-10-03 14:54:49,379 [INFO] Attack
2024-10-03 14:54:49,455 [INFO] Attack
2024-10-03 14:54:49,517 [INFO] Attack
2024-10-03 14:54:49,584 [INFO] Attack
2024-10-03 14:54:49,658 [INFO] Attack
2024-10-03 14:54:49,721 [INFO] Attack
2024-10-03 14:54:49,784 [INFO] Attack
2024-10-03 14:54:49,849 [INFO] Attack
2024-10-03 14:54:49,909 [INFO] Attack
2024-10-03 14:54:49,972 [INFO] Attack
2024-10-03 14:54:50,034 [INFO] Attack
2024-10-03 14:54:50,102 [INFO] Attack
2024-10-03 14:54:50,174 [INFO] Attack
2024-10-03 14:54:50,238 [INFO] Attack
2024-10-03 14:54:50,302 [INFO] Attack
2024-10-03 14:54:52,829 [INFO] Jump
2024-10-03 14:54:52,829 [INFO] Jump;
2024-10-03 14:54:53,050 [INFO] Jump
2024-10-03 14:54:53,050 [INFO] Jump;
2024-10-03 14:54:53,159 [INFO] Move Left
2024-10-03 14:54:53,207 [INFO] Move Left
2024-10-03 14:54:53,265 [INFO] Move Left
2024-10-03 14:54:53,625 [INFO] Move Left
2024-10-03 14:54:53,682 [INFO] Move Left
2024-10-03 14:54:53,738 [INFO] Move Left
2024-10-03 14:54:53,786 [INFO] Move Left
2024-10-03 14:54:53,835 [INFO] Move Left
2024-10-03 14:54:53,883 [INFO] Move Left
2024-10-03 14:54:53,931 [INFO] Move Left
2024-10-03 14:54:53,992 [INFO] Move Left
2024-10-03 14:54:54,037 [INFO] Move Left
2024-10-03 14:54:54,083 [INFO] Move Left
2024-10-03 14:54:54,128 [INFO] Move Left
2024-10-03 14:54:54,178 [INFO] Move Left
2024-10-03 14:54:54,225 [INFO] Move Left
2024-10-03 14:54:54,271 [INFO] Move Left
2024-10-03 14:54:54,317 [INFO] Move Left
2024-10-03 14:54:54,365 [INFO] Move Left
2024-10-03 14:54:54,412 [INFO] Move Left
2024-10-03 14:54:54,476 [INFO] Move Left
2024-10-03 14:54:54,525 [INFO] Move Left
2024-10-03 14:54:54,568 [INFO] Move Left
2024-10-03 14:54:54,619 [INFO] Move Left
2024-10-03 14:54:54,664 [INFO] Move Left
2024-10-03 14:54:54,709 [INFO] Move Left
2024-10-03 14:54:54,758 [INFO] Move Left
2024-10-03 14:54:54,804 [INFO] Move Left
2024-10-03 14:54:54,850 [INFO] Move Left
2024-10-03 14:54:54,904 [INFO] Move Left
2024-10-03 14:54:54,964 [INFO] Move Left
2024-10-03 14:54:55,010 [INFO] Move Left
2024-10-03 14:54:55,059 [INFO] Move Left
2024-10-03 14:54:55,131 [INFO] Move Left
2024-10-03 14:54:55,185 [INFO] Move Left
2024-10-03 14:54:55,242 [INFO] Move Left
2024-10-03 14:54:55,291 [INFO] Move Left
2024-10-03 14:54:55,336 [INFO] Move Left
2024-10-03 14:54:55,386 [INFO] Move Left
2024-10-03 14:54:55,450 [INFO] Move Left
2024-10-03 14:54:55,493 [INFO] Move Left
2024-10-03 14:54:55,541 [INFO] Move Left
2024-10-03 14:54:55,586 [INFO] Move Left
2024-10-03 14:54:55,636 [INFO] Move Left
2024-10-03 14:54:55,693 [INFO] Move Left
2024-10-03 14:54:55,743 [INFO] Move Left
2024-10-03 14:54:55,786 [INFO] Move Left
2024-10-03 14:54:55,837 [INFO] Move Left
2024-10-03 14:54:55,881 [INFO] Move Left
2024-10-03 14:54:55,929 [INFO] Move Left
2024-10-03 14:54:55,978 [INFO] Move Left
2024-10-03 14:54:56,025 [INFO] Move Left
2024-10-03 14:54:56,073 [INFO] Attack
2024-10-03 14:54:56,119 [INFO] Attack
2024-10-03 14:54:56,165 [INFO] Attack
2024-10-03 14:54:56,211 [INFO] Attack
2024-10-03 14:54:56,257 [INFO] Attack
2024-10-03 14:54:56,332 [INFO] Attack
2024-10-03 14:54:56,384 [INFO] Attack
2024-10-03 14:54:56,429 [INFO] Attack
2024-10-03 14:54:56,478 [INFO] Attack
2024-10-03 14:54:56,527 [INFO] Attack
2024-10-03 14:54:56,574 [INFO] Attack
2024-10-03 14:54:56,631 [INFO] Attack
2024-10-03 14:54:56,682 [INFO] Attack
2024-10-03 14:55:34,257 [INFO] Starting game launcher for R:/SteamLibrary/steamapps/common/Unturned/Unturned.exe with window pattern 'Unturned.*'
2024-10-03 14:55:34,271 [INFO] Game launched: R:/SteamLibrary/steamapps/common/Unturned/Unturned.exe
2024-10-03 14:55:37,162 [INFO] Game window detected.
2024-10-03 14:55:37,162 [INFO] Game launcher executed successfully.
2024-10-03 14:55:37,163 [INFO] Game window brought to the foreground.
2024-10-03 14:55:37,163 [INFO] Game is running. Activating controls.
2024-10-03 14:55:37,206 [INFO] Control loop started.
2024-10-03 14:55:47,127 [INFO] Jump
2024-10-03 14:55:47,127 [INFO] Jump;
2024-10-03 14:55:47,188 [INFO] Jump
2024-10-03 14:55:47,188 [INFO] Jump;
2024-10-03 14:55:47,492 [INFO] Attack
2024-10-03 14:55:47,558 [INFO] Attack
2024-10-03 14:55:47,617 [INFO] Attack
2024-10-03 14:55:47,680 [INFO] Attack
2024-10-03 14:55:47,742 [INFO] Attack
2024-10-03 14:55:47,799 [INFO] Attack
2024-10-03 14:55:47,865 [INFO] Attack
2024-10-03 14:55:47,927 [INFO] Attack
2024-10-03 14:55:47,988 [INFO] Attack
2024-10-03 14:55:48,052 [INFO] Attack
2024-10-03 14:55:48,118 [INFO] Attack
2024-10-03 14:55:48,176 [INFO] Attack
2024-10-03 14:55:48,240 [INFO] Attack
2024-10-03 14:55:48,302 [INFO] Attack
2024-10-03 14:55:48,369 [INFO] Attack
2024-10-03 14:55:48,429 [INFO] Attack
2024-10-03 14:55:48,489 [INFO] Attack
2024-10-03 14:55:48,554 [INFO] Attack
2024-10-03 14:55:48,616 [INFO] Attack
2024-10-03 14:55:54,300 [INFO] Jump
2024-10-03 14:55:54,300 [INFO] Jump;
2024-10-03 14:55:54,490 [INFO] Jump
2024-10-03 14:55:54,490 [INFO] Jump;
2024-10-03 14:55:54,584 [INFO] Jump
2024-10-03 14:55:54,585 [INFO] Jump;
2024-10-03 14:55:54,629 [INFO] Jump
2024-10-03 14:55:54,629 [INFO] Jump;
2024-10-03 14:55:54,679 [INFO] Jump
2024-10-03 14:55:54,680 [INFO] Jump;
2024-10-03 14:55:54,717 [INFO] Jump
2024-10-03 14:55:54,717 [INFO] Jump;
2024-10-03 14:55:54,809 [INFO] Jump
2024-10-03 14:55:54,809 [INFO] Jump;
2024-10-03 14:55:54,962 [INFO] Jump
2024-10-03 14:55:54,962 [INFO] Jump;
2024-10-03 14:55:56,041 [INFO] Move Left
2024-10-03 14:55:56,323 [INFO] Jump
2024-10-03 14:55:56,323 [INFO] Jump;
2024-10-03 14:55:56,376 [INFO] Jump
2024-10-03 14:55:56,376 [INFO] Jump;
2024-10-03 14:55:56,421 [INFO] Jump
2024-10-03 14:55:56,421 [INFO] Jump;
2024-10-03 14:55:56,829 [INFO] Jump
2024-10-03 14:55:56,829 [INFO] Jump;
2024-10-03 14:55:56,921 [INFO] Jump
2024-10-03 14:55:56,921 [INFO] Jump;
2024-10-03 14:55:57,249 [INFO] Jump
2024-10-03 14:55:57,249 [INFO] Jump;
2024-10-03 14:55:57,813 [INFO] Move Right
2024-10-03 14:55:58,332 [INFO] Move Right
2024-10-03 14:55:58,383 [INFO] Attack
2024-10-03 14:55:58,455 [INFO] Attack
2024-10-03 14:55:58,496 [INFO] Attack
2024-10-03 14:55:58,535 [INFO] Attack
2024-10-03 14:55:58,587 [INFO] Attack
2024-10-03 14:55:58,649 [INFO] Attack
2024-10-03 14:55:58,694 [INFO] Attack
2024-10-03 14:55:58,741 [INFO] Attack
2024-10-03 14:55:58,787 [INFO] Attack
2024-10-03 14:55:58,833 [INFO] Attack
2024-10-03 14:55:58,882 [INFO] Attack
2024-10-03 14:55:58,928 [INFO] Attack
2024-10-03 14:55:58,976 [INFO] Attack
2024-10-03 14:55:59,024 [INFO] Attack
2024-10-03 14:55:59,075 [INFO] Attack
2024-10-03 14:55:59,135 [INFO] Attack
2024-10-03 14:55:59,182 [INFO] Attack
2024-10-03 14:55:59,231 [INFO] Attack
2024-10-03 14:55:59,278 [INFO] Attack
2024-10-03 14:55:59,337 [INFO] Attack
2024-10-03 14:55:59,388 [INFO] Attack
2024-10-03 14:55:59,438 [INFO] Attack
2024-10-03 14:55:59,494 [INFO] Attack
2024-10-03 14:55:59,545 [INFO] Attack
2024-10-03 14:55:59,622 [INFO] Attack
2024-10-03 14:55:59,671 [INFO] Attack
2024-10-03 14:55:59,716 [INFO] Attack
2024-10-03 14:55:59,763 [INFO] Attack
2024-10-03 14:55:59,810 [INFO] Attack
2024-10-03 14:55:59,859 [INFO] Attack
2024-10-03 14:55:59,920 [INFO] Attack
2024-10-03 14:55:59,966 [INFO] Attack
2024-10-03 14:56:00,016 [INFO] Attack
2024-10-03 14:56:00,076 [INFO] Attack
2024-10-03 14:56:00,121 [INFO] Attack
2024-10-03 14:56:00,169 [INFO] Attack
2024-10-03 14:56:00,218 [INFO] Attack
2024-10-03 14:56:00,264 [INFO] Attack
2024-10-03 14:56:00,308 [INFO] Attack
2024-10-03 14:56:00,357 [INFO] Attack
2024-10-03 14:56:00,405 [INFO] Attack
2024-10-03 14:56:00,452 [INFO] Attack
2024-10-03 14:56:00,499 [INFO] Attack
2024-10-03 14:56:00,547 [INFO] Attack
2024-10-03 14:56:00,606 [INFO] Attack
2024-10-03 14:56:00,658 [INFO] Move Left
2024-10-03 14:56:01,197 [INFO] Attack
2024-10-03 14:56:01,261 [INFO] Jump; Attack
2024-10-03 14:56:01,261 [INFO] Jump;
2024-10-03 14:56:01,311 [INFO] Attack
2024-10-03 14:56:01,368 [INFO] Jump; Attack
2024-10-03 14:56:01,368 [INFO] Jump;
2024-10-03 14:56:01,418 [INFO] Jump; Attack
2024-10-03 14:56:01,418 [INFO] Jump;
2024-10-03 14:56:01,464 [INFO] Attack
2024-10-03 14:56:01,509 [INFO] Attack
2024-10-03 14:56:01,556 [INFO] Attack
2024-10-03 14:56:01,608 [INFO] Attack
2024-10-03 14:56:01,667 [INFO] Attack
2024-10-03 14:56:01,714 [INFO] Attack
2024-10-03 14:56:01,760 [INFO] Attack
2024-10-03 14:56:01,808 [INFO] Attack
2024-10-03 14:56:03,297 [INFO] Attack
2024-10-03 14:56:03,351 [INFO] Attack
2024-10-03 14:56:03,395 [INFO] Attack
2024-10-03 14:56:03,447 [INFO] Attack
2024-10-03 14:56:03,495 [INFO] Attack
2024-10-03 14:56:03,555 [INFO] Attack
2024-10-03 14:56:03,618 [INFO] Attack
2024-10-03 14:56:03,666 [INFO] Attack
2024-10-03 14:56:03,713 [INFO] Attack
2024-10-03 14:56:03,756 [INFO] Attack
2024-10-03 14:56:03,805 [INFO] Attack
2024-10-03 14:56:03,851 [INFO] Attack
2024-10-03 14:56:03,900 [INFO] Attack
2024-10-03 14:56:03,944 [INFO] Attack
2024-10-03 14:56:03,993 [INFO] Attack
2024-10-03 14:56:04,040 [INFO] Attack
2024-10-03 14:56:04,088 [INFO] Attack
2024-10-03 14:56:04,133 [INFO] Attack
2024-10-03 14:56:04,181 [INFO] Attack
2024-10-03 14:56:04,232 [INFO] Attack
2024-10-03 14:56:04,277 [INFO] Attack
2024-10-03 14:56:04,328 [INFO] Attack
2024-10-03 14:56:04,384 [INFO] Attack
2024-10-03 14:56:04,430 [INFO] Move Right
2024-10-03 14:56:04,483 [INFO] Move Right
2024-10-03 14:56:05,219 [INFO] Jump
2024-10-03 14:56:05,220 [INFO] Jump;
2024-10-03 14:56:05,261 [INFO] Move Left
2024-10-03 14:56:05,310 [INFO] Move Left; Jump
2024-10-03 14:56:05,311 [INFO] Jump;
2024-10-03 14:56:05,358 [INFO] Move Left; Jump
2024-10-03 14:56:05,359 [INFO] Jump;
2024-10-03 14:56:05,404 [INFO] Move Left
2024-10-03 14:56:05,452 [INFO] Move Left
2024-10-03 14:56:05,720 [INFO] Move Left
2024-10-03 14:56:05,765 [INFO] Move Left; Jump
2024-10-03 14:56:05,765 [INFO] Jump;
2024-10-03 14:56:05,815 [INFO] Move Left
2024-10-03 14:56:05,858 [INFO] Move Left
2024-10-03 14:56:05,907 [INFO] Move Left
2024-10-03 14:56:05,955 [INFO] Move Left
2024-10-03 14:56:06,005 [INFO] Move Left
2024-10-03 14:56:06,051 [INFO] Move Left
2024-10-03 14:56:06,102 [INFO] Move Left
2024-10-03 14:56:13,813 [INFO] Jump
2024-10-03 14:56:13,813 [INFO] Jump;
2024-10-03 14:56:14,141 [INFO] Move Left
2024-10-03 14:56:14,190 [INFO] Move Left
2024-10-03 14:56:14,239 [INFO] Attack
2024-10-03 14:56:14,301 [INFO] Attack
2024-10-03 14:56:14,346 [INFO] Attack
2024-10-03 14:56:14,403 [INFO] Attack
2024-10-03 14:56:14,454 [INFO] Attack
2024-10-03 14:56:14,505 [INFO] Attack
2024-10-03 14:56:14,550 [INFO] Attack
2024-10-03 14:56:14,594 [INFO] Attack
2024-10-03 14:56:14,646 [INFO] Attack
2024-10-03 14:56:14,711 [INFO] Attack
2024-10-03 14:56:14,770 [INFO] Attack
2024-10-03 14:56:14,819 [INFO] Attack
2024-10-03 14:56:14,898 [INFO] Attack
2024-10-03 14:56:14,943 [INFO] Attack
2024-10-03 14:56:14,992 [INFO] Attack
2024-10-03 14:56:15,055 [INFO] Attack
2024-10-03 14:56:15,099 [INFO] Attack
2024-10-03 14:56:15,144 [INFO] Attack
2024-10-03 14:56:15,203 [INFO] Attack
2024-10-03 14:56:15,254 [INFO] Attack
2024-10-03 14:56:15,301 [INFO] Attack
2024-10-03 14:56:15,347 [INFO] Attack
2024-10-03 14:56:15,394 [INFO] Attack
2024-10-03 14:56:15,442 [INFO] Move Left
2024-10-03 14:56:16,366 [INFO] Jump
2024-10-03 14:56:16,366 [INFO] Jump;
2024-10-03 14:56:16,503 [INFO] Jump
2024-10-03 14:56:16,503 [INFO] Jump;
2024-10-03 14:56:16,643 [INFO] Jump
2024-10-03 14:56:16,643 [INFO] Jump;
2024-10-03 14:56:16,738 [INFO] Jump
2024-10-03 14:56:16,738 [INFO] Jump;
2024-10-03 14:56:16,885 [INFO] Jump
2024-10-03 14:56:16,885 [INFO] Jump;
2024-10-03 14:56:16,990 [INFO] Jump
2024-10-03 14:56:16,990 [INFO] Jump;
2024-10-03 14:56:17,321 [INFO] Jump
2024-10-03 14:56:17,322 [INFO] Jump;
2024-10-03 14:56:18,027 [INFO] Jump
2024-10-03 14:56:18,027 [INFO] Jump;
2024-10-03 14:56:18,074 [INFO] Move Left
2024-10-03 14:56:18,215 [INFO] Attack
2024-10-03 14:56:18,264 [INFO] Attack
2024-10-03 14:56:18,313 [INFO] Attack
2024-10-03 14:56:18,359 [INFO] Attack
2024-10-03 14:56:18,407 [INFO] Attack
2024-10-03 14:56:18,450 [INFO] Attack
2024-10-03 14:56:18,499 [INFO] Attack
2024-10-03 14:56:18,546 [INFO] Attack
2024-10-03 14:56:18,597 [INFO] Attack
2024-10-03 14:56:18,641 [INFO] Attack
2024-10-03 14:56:18,687 [INFO] Attack
2024-10-03 14:56:18,734 [INFO] Attack
2024-10-03 14:56:18,782 [INFO] Attack
2024-10-03 14:56:18,827 [INFO] Attack
2024-10-03 14:56:18,874 [INFO] Attack
2024-10-03 14:56:18,921 [INFO] Attack
2024-10-03 14:56:18,984 [INFO] Attack
2024-10-03 14:56:19,033 [INFO] Attack
2024-10-03 14:56:19,079 [INFO] Attack
2024-10-03 14:56:19,126 [INFO] Attack
2024-10-03 14:56:19,170 [INFO] Attack
2024-10-03 14:56:19,219 [INFO] Attack
2024-10-03 14:56:19,267 [INFO] Attack
2024-10-03 14:56:19,310 [INFO] Attack
2024-10-03 14:56:19,356 [INFO] Attack
2024-10-03 14:56:19,407 [INFO] Attack
2024-10-03 14:56:19,468 [INFO] Attack
2024-10-03 14:56:19,515 [INFO] Attack
2024-10-03 14:56:19,561 [INFO] Attack
2024-10-03 14:56:19,609 [INFO] Attack
2024-10-03 14:56:19,656 [INFO] Attack
2024-10-03 14:56:19,705 [INFO] Attack
2024-10-03 14:56:19,767 [INFO] Attack
2024-10-03 14:56:19,828 [INFO] Attack
2024-10-03 14:56:19,872 [INFO] Attack
2024-10-03 14:56:19,922 [INFO] Attack
2024-10-03 14:56:19,967 [INFO] Attack
2024-10-03 14:56:20,014 [INFO] Attack
2024-10-03 14:56:20,066 [INFO] Attack
2024-10-03 14:56:20,108 [INFO] Move Left
2024-10-03 14:56:20,156 [INFO] Move Left
2024-10-03 14:56:20,208 [INFO] Move Left
2024-10-03 14:56:20,252 [INFO] Move Left
2024-10-03 14:56:20,303 [INFO] Move Left
2024-10-03 14:56:20,351 [INFO] Move Left; Jump
2024-10-03 14:56:20,351 [INFO] Jump;
2024-10-03 14:56:20,595 [INFO] Jump
2024-10-03 14:56:20,595 [INFO] Jump;
2024-10-03 14:56:20,641 [INFO] Jump
2024-10-03 14:56:20,641 [INFO] Jump;
2024-10-03 14:56:20,875 [INFO] Jump
2024-10-03 14:56:20,875 [INFO] Jump;
2024-10-03 14:56:21,015 [INFO] Jump
2024-10-03 14:56:21,015 [INFO] Jump;
2024-10-03 14:56:21,627 [INFO] Jump
2024-10-03 14:56:21,639 [INFO] Jump;
2024-10-03 14:56:22,116 [INFO] Jump
2024-10-03 14:56:22,116 [INFO] Jump;
2024-10-03 14:56:24,852 [INFO] Jump
2024-10-03 14:56:24,852 [INFO] Jump;
2024-10-03 14:56:24,914 [INFO] Jump
2024-10-03 14:56:24,914 [INFO] Jump;
2024-10-03 14:56:25,300 [INFO] Jump; Attack
2024-10-03 14:56:25,300 [INFO] Jump;
2024-10-03 14:56:25,351 [INFO] Jump; Attack
2024-10-03 14:56:25,351 [INFO] Jump;
2024-10-03 14:56:25,410 [INFO] Jump; Attack
2024-10-03 14:56:25,410 [INFO] Jump;
2024-10-03 14:56:25,454 [INFO] Attack
2024-10-03 14:56:25,501 [INFO] Attack
2024-10-03 14:56:25,551 [INFO] Move Right
2024-10-03 14:56:25,608 [INFO] Move Right
2024-10-03 14:56:39,029 [INFO] Jump
2024-10-03 14:56:39,029 [INFO] Jump;
2024-10-03 14:56:39,077 [INFO] Jump
2024-10-03 14:56:39,077 [INFO] Jump;
2024-10-03 14:56:39,135 [INFO] Jump
2024-10-03 14:56:39,135 [INFO] Jump;
2024-10-03 14:56:39,482 [INFO] Move Right
2024-10-03 14:56:39,526 [INFO] Move Right
2024-10-03 14:56:39,576 [INFO] Attack
2024-10-03 14:56:39,636 [INFO] Attack
2024-10-03 14:56:39,685 [INFO] Attack
2024-10-03 14:56:39,733 [INFO] Attack
2024-10-03 14:56:39,779 [INFO] Attack
2024-10-03 14:56:39,827 [INFO] Attack
2024-10-03 14:56:39,871 [INFO] Attack
2024-10-03 14:56:39,919 [INFO] Attack
2024-10-03 14:56:39,966 [INFO] Attack
2024-10-03 14:56:40,015 [INFO] Attack
2024-10-03 14:56:40,060 [INFO] Attack
2024-10-03 14:56:40,108 [INFO] Attack
2024-10-03 14:56:40,153 [INFO] Attack
2024-10-03 14:56:40,202 [INFO] Attack
2024-10-03 14:56:40,247 [INFO] Attack
2024-10-03 14:56:40,312 [INFO] Attack
2024-10-03 14:56:40,358 [INFO] Attack
2024-10-03 14:56:40,404 [INFO] Attack
2024-10-03 14:56:40,452 [INFO] Attack
2024-10-03 14:56:40,502 [INFO] Attack
2024-10-03 14:56:40,549 [INFO] Attack
2024-10-03 14:56:40,614 [INFO] Attack
2024-10-03 14:56:40,668 [INFO] Attack
2024-10-03 14:56:40,716 [INFO] Attack
2024-10-03 14:56:40,763 [INFO] Attack
2024-10-03 14:56:40,810 [INFO] Attack
2024-10-03 14:56:40,861 [INFO] Attack
2024-10-03 14:56:40,917 [INFO] Attack
2024-10-03 14:56:40,965 [INFO] Attack
2024-10-03 14:56:41,013 [INFO] Attack
2024-10-03 14:56:41,057 [INFO] Attack
2024-10-03 14:56:41,129 [INFO] Attack
2024-10-03 14:56:41,186 [INFO] Attack
2024-10-03 14:56:41,233 [INFO] Attack
2024-10-03 14:56:41,285 [INFO] Attack
2024-10-03 14:56:41,326 [INFO] Attack
2024-10-03 14:56:41,377 [INFO] Attack
2024-10-03 14:56:41,421 [INFO] Attack
2024-10-03 14:56:41,465 [INFO] Attack
2024-10-03 14:56:41,515 [INFO] Attack
2024-10-03 14:56:41,562 [INFO] Attack
2024-10-03 14:56:41,608 [INFO] Attack
2024-10-03 14:56:41,657 [INFO] Attack
2024-10-03 14:56:41,702 [INFO] Attack
2024-10-03 14:56:41,747 [INFO] Attack
2024-10-03 14:56:41,793 [INFO] Attack
2024-10-03 14:56:41,841 [INFO] Attack
2024-10-03 14:56:41,890 [INFO] Attack
2024-10-03 14:56:41,935 [INFO] Attack
2024-10-03 14:56:41,985 [INFO] Attack
2024-10-03 14:56:42,029 [INFO] Attack
2024-10-03 14:56:42,077 [INFO] Attack
2024-10-03 14:56:42,126 [INFO] Attack
2024-10-03 14:56:42,195 [INFO] Attack
2024-10-03 14:56:42,249 [INFO] Attack
2024-10-03 14:56:42,295 [INFO] Attack
2024-10-03 14:56:42,341 [INFO] Attack
2024-10-03 14:56:42,394 [INFO] Attack
2024-10-03 14:56:42,456 [INFO] Attack
2024-10-03 14:56:42,534 [INFO] Attack
2024-10-03 14:56:42,611 [INFO] Attack
2024-10-03 14:56:42,681 [INFO] Attack
2024-10-03 14:56:42,731 [INFO] Attack
2024-10-03 14:56:42,790 [INFO] Attack
2024-10-03 14:56:42,847 [INFO] Attack
2024-10-03 14:56:42,921 [INFO] Attack
2024-10-03 14:56:42,967 [INFO] Attack
2024-10-03 14:56:43,011 [INFO] Attack
2024-10-03 14:56:43,059 [INFO] Attack
2024-10-03 14:56:43,105 [INFO] Attack
2024-10-03 14:56:43,152 [INFO] Attack
2024-10-03 14:56:43,201 [INFO] Attack
2024-10-03 14:56:43,245 [INFO] Attack
2024-10-03 14:56:43,291 [INFO] Move Right
2024-10-03 14:56:47,133 [INFO] Jump
2024-10-03 14:56:47,133 [INFO] Jump;
2024-10-03 14:57:03,012 [INFO] Jump
2024-10-03 14:57:03,012 [INFO] Jump;
2024-10-03 14:57:13,425 [INFO] Jump
2024-10-03 14:57:13,426 [INFO] Jump;
2024-10-03 14:57:13,474 [INFO] Jump
2024-10-03 14:57:13,474 [INFO] Jump;
2024-10-03 14:57:15,544 [WARNING] No pose landmarks detected.
2024-10-03 14:57:15,627 [WARNING] No pose landmarks detected.
2024-10-03 14:57:15,661 [WARNING] No pose landmarks detected.
2024-10-03 14:57:15,693 [WARNING] No pose landmarks detected.
2024-10-03 14:57:15,726 [WARNING] No pose landmarks detected.
2024-10-03 14:57:15,757 [WARNING] No pose landmarks detected.
2024-10-03 14:57:15,790 [WARNING] No pose landmarks detected.
2024-10-03 14:57:15,821 [WARNING] No pose landmarks detected.
2024-10-03 14:57:15,852 [WARNING] No pose landmarks detected.
2024-10-03 14:57:15,884 [WARNING] No pose landmarks detected.
2024-10-03 14:57:15,918 [WARNING] No pose landmarks detected.
2024-10-03 14:57:15,949 [WARNING] No pose landmarks detected.
2024-10-03 14:57:15,980 [WARNING] No pose landmarks detected.
2024-10-03 14:57:16,016 [WARNING] No pose landmarks detected.
2024-10-03 14:57:16,048 [WARNING] No pose landmarks detected.
2024-10-03 14:57:16,078 [WARNING] No pose landmarks detected.
2024-10-03 14:57:16,110 [WARNING] No pose landmarks detected.
2024-10-03 14:57:16,142 [WARNING] No pose landmarks detected.
2024-10-03 14:57:16,174 [WARNING] No pose landmarks detected.
2024-10-03 14:57:16,208 [WARNING] No pose landmarks detected.
2024-10-03 14:57:16,243 [WARNING] No pose landmarks detected.
2024-10-03 14:57:16,278 [WARNING] No pose landmarks detected.
2024-10-03 14:57:16,312 [WARNING] No pose landmarks detected.
2024-10-03 14:57:16,346 [WARNING] No pose landmarks detected.
2024-10-03 14:57:16,380 [WARNING] No pose landmarks detected.
2024-10-03 14:57:16,415 [WARNING] No pose landmarks detected.
2024-10-03 14:57:16,449 [WARNING] No pose landmarks detected.
2024-10-03 14:57:16,480 [WARNING] No pose landmarks detected.
2024-10-03 14:57:16,512 [WARNING] No pose landmarks detected.
2024-10-03 14:57:16,543 [WARNING] No pose landmarks detected.
2024-10-03 14:57:16,575 [WARNING] No pose landmarks detected.
2024-10-03 14:57:16,605 [WARNING] No pose landmarks detected.
2024-10-03 14:57:16,639 [WARNING] No pose landmarks detected.
2024-10-03 14:57:16,673 [WARNING] No pose landmarks detected.
2024-10-03 14:57:16,702 [WARNING] No pose landmarks detected.
2024-10-03 14:57:16,733 [WARNING] No pose landmarks detected.
2024-10-03 14:57:16,766 [WARNING] No pose landmarks detected.
2024-10-03 14:57:16,796 [WARNING] No pose landmarks detected.
2024-10-03 14:57:16,827 [WARNING] No pose landmarks detected.
2024-10-03 14:57:16,857 [WARNING] No pose landmarks detected.
2024-10-03 14:57:16,999 [INFO] Jump
2024-10-03 14:57:16,999 [INFO] Jump;
2024-10-03 14:57:17,097 [INFO] Jump
2024-10-03 14:57:17,097 [INFO] Jump;
2024-10-03 14:57:17,232 [INFO] Jump
2024-10-03 14:57:17,232 [INFO] Jump;
2024-10-03 14:57:18,189 [INFO] Jump
2024-10-03 14:57:18,189 [INFO] Jump;
2024-10-03 14:57:18,242 [INFO] Jump
2024-10-03 14:57:18,243 [INFO] Jump;
2024-10-03 14:57:18,299 [INFO] Jump
2024-10-03 14:57:18,300 [INFO] Jump;
2024-10-03 14:57:23,174 [INFO] Jump
2024-10-03 14:57:23,174 [INFO] Jump;
2024-10-03 14:57:23,216 [INFO] Jump
2024-10-03 14:57:23,217 [INFO] Jump;
2024-10-03 14:57:25,084 [INFO] Jump
2024-10-03 14:57:25,085 [INFO] Jump;
2024-10-03 14:57:26,461 [INFO] Jump
2024-10-03 14:57:26,461 [INFO] Jump;
2024-10-03 14:57:26,650 [INFO] Jump
2024-10-03 14:57:26,650 [INFO] Jump;
2024-10-03 14:57:26,696 [INFO] Move Right
2024-10-03 14:57:26,746 [INFO] Move Left
2024-10-03 14:57:26,805 [INFO] Move Right; Jump
2024-10-03 14:57:26,805 [INFO] Jump;
2024-10-03 14:57:26,960 [INFO] Move Right
2024-10-03 14:57:26,998 [INFO] Move Right
2024-10-03 14:57:33,207 [INFO] Jump
2024-10-03 14:57:33,207 [INFO] Jump;
2024-10-03 14:57:34,381 [INFO] Jump
2024-10-03 14:57:34,381 [INFO] Jump;
2024-10-03 14:57:35,223 [INFO] Move Right
2024-10-03 14:57:35,274 [INFO] Move Right
2024-10-03 14:57:35,325 [INFO] Move Right
2024-10-03 14:57:35,372 [INFO] Move Right
2024-10-03 14:57:35,435 [INFO] Move Right
2024-10-03 14:57:35,495 [INFO] Move Right
2024-10-03 14:57:35,537 [INFO] Move Right
2024-10-03 14:57:35,584 [INFO] Move Right
2024-10-03 14:57:35,632 [INFO] Move Right
2024-10-03 14:57:36,241 [INFO] Jump
2024-10-03 14:57:36,241 [INFO] Jump;
2024-10-03 14:57:37,132 [INFO] Move Left
2024-10-03 14:57:37,190 [INFO] Move Left
2024-10-03 14:57:38,038 [INFO] Move Left
2024-10-03 14:57:38,095 [INFO] Move Left
2024-10-03 14:57:38,152 [INFO] Move Left
2024-10-03 14:57:38,196 [INFO] Move Left
2024-10-03 14:57:38,242 [INFO] Move Left
2024-10-03 14:57:38,291 [INFO] Move Left
2024-10-03 14:57:40,735 [INFO] Jump
2024-10-03 14:57:40,735 [INFO] Jump;
2024-10-03 15:03:11,152 [INFO] Starting game launcher for R:/SteamLibrary/steamapps/common/Unturned/Unturned.exe with window pattern 'Unturned.*'
2024-10-03 15:03:11,166 [INFO] Game launched: R:/SteamLibrary/steamapps/common/Unturned/Unturned.exe
2024-10-03 15:03:14,944 [INFO] Game window detected.
2024-10-03 15:03:14,944 [INFO] Game launcher executed successfully.
2024-10-03 15:03:14,944 [INFO] Game window brought to the foreground.
2024-10-03 15:03:14,944 [INFO] Game is running. Activating controls.
2024-10-03 15:03:15,038 [INFO] Control loop started.
2024-10-03 15:03:15,038 [INFO] Control loop started.
2024-10-03 15:03:21,481 [INFO] Mouse Move Right
2024-10-03 15:04:28,159 [INFO] Starting game launcher for R:/SteamLibrary/steamapps/common/Unturned/Unturned.exe with window pattern 'Unturned.*'
2024-10-03 15:04:28,170 [INFO] Game launched: R:/SteamLibrary/steamapps/common/Unturned/Unturned.exe
2024-10-03 15:04:31,882 [INFO] Game window detected.
2024-10-03 15:04:31,882 [INFO] Game launcher executed successfully.
2024-10-03 15:04:31,883 [INFO] Game window brought to the foreground.
2024-10-03 15:04:31,883 [INFO] Game is running. Activating controls.
2024-10-03 15:04:31,967 [INFO] Control loop started.
2024-10-03 15:04:40,417 [INFO] Jump
2024-10-03 15:04:40,417 [INFO] Jump;
2024-10-03 15:04:40,544 [INFO] Move Right
2024-10-03 15:04:40,644 [INFO] Move Right
2024-10-03 15:04:40,713 [INFO] Move Right
2024-10-03 15:04:40,777 [INFO] Move Right
2024-10-03 15:04:40,837 [INFO] Move Right
2024-10-03 15:04:40,900 [INFO] Move Right
2024-10-03 15:04:40,968 [INFO] Move Right
2024-10-03 15:04:41,041 [INFO] Move Right
2024-10-03 15:04:41,105 [INFO] Move Right
2024-10-03 15:04:41,168 [INFO] Move Right
2024-10-03 15:04:41,233 [INFO] Move Right
2024-10-03 15:04:41,293 [INFO] Move Right
2024-10-03 15:04:41,354 [INFO] Move Right
2024-10-03 15:04:41,417 [INFO] Move Right
2024-10-03 15:04:41,480 [INFO] Move Right
2024-10-03 15:04:41,542 [INFO] Move Right
2024-10-03 15:04:41,608 [INFO] Move Right
2024-10-03 15:04:41,666 [INFO] Move Right
2024-10-03 15:04:42,716 [INFO] Jump
2024-10-03 15:04:42,716 [INFO] Jump;
2024-10-03 15:04:42,970 [INFO] Move Left
2024-10-03 15:04:43,048 [INFO] Move Left
2024-10-03 15:04:43,105 [INFO] Move Left
2024-10-03 15:04:43,155 [INFO] Move Left
2024-10-03 15:04:43,218 [INFO] Move Left
2024-10-03 15:04:43,279 [INFO] Move Left
2024-10-03 15:04:43,340 [INFO] Move Left
2024-10-03 15:04:43,407 [INFO] Move Left
2024-10-03 15:04:43,464 [INFO] Move Left
2024-10-03 15:04:43,516 [INFO] Move Left
2024-10-03 15:04:43,574 [INFO] Move Left
2024-10-03 15:04:43,623 [INFO] Move Left
2024-10-03 15:04:43,671 [INFO] Move Left
2024-10-03 15:04:43,720 [INFO] Move Left
2024-10-03 15:04:43,769 [INFO] Move Left
2024-10-03 15:04:45,170 [INFO] Jump
2024-10-03 15:04:45,170 [INFO] Jump;
2024-10-03 15:04:45,449 [INFO] Move Left
2024-10-03 15:04:45,520 [INFO] Jump; Attack
2024-10-03 15:04:45,520 [INFO] Jump;
2024-10-03 15:04:45,587 [INFO] Attack
2024-10-03 15:04:45,644 [INFO] Jump; Attack
2024-10-03 15:04:45,644 [INFO] Jump;
2024-10-03 15:04:45,708 [INFO] Jump; Attack
2024-10-03 15:04:45,708 [INFO] Jump;
2024-10-03 15:04:45,765 [INFO] Attack
2024-10-03 15:04:45,810 [INFO] Attack
2024-10-03 15:04:45,857 [INFO] Attack
2024-10-03 15:04:45,904 [INFO] Attack
2024-10-03 15:04:45,956 [INFO] Attack
2024-10-03 15:04:45,999 [INFO] Move Left
2024-10-03 15:04:46,045 [INFO] Move Left
2024-10-03 15:04:46,093 [INFO] Move Left
2024-10-03 15:04:48,805 [INFO] Jump
2024-10-03 15:04:48,805 [INFO] Jump;
2024-10-03 15:04:49,043 [INFO] Jump
2024-10-03 15:04:49,044 [INFO] Jump;
2024-10-03 15:04:49,748 [INFO] Move Left
2024-10-03 15:04:49,796 [INFO] Move Left
2024-10-03 15:04:49,839 [INFO] Move Left
2024-10-03 15:04:49,887 [INFO] Move Left
2024-10-03 15:04:49,933 [INFO] Move Left
2024-10-03 15:04:49,984 [INFO] Move Left
2024-10-03 15:04:50,031 [INFO] Move Left
2024-10-03 15:04:50,073 [INFO] Move Left
2024-10-03 15:04:50,126 [INFO] Move Left
2024-10-03 15:04:50,183 [INFO] Move Left
2024-10-03 15:04:50,232 [INFO] Move Left
2024-10-03 15:04:50,279 [INFO] Move Left
2024-10-03 15:04:50,326 [INFO] Move Left
2024-10-03 15:04:51,509 [INFO] Move Right; Jump
2024-10-03 15:04:51,509 [INFO] Jump;
2024-10-03 15:04:51,554 [INFO] Move Right
2024-10-03 15:04:51,603 [INFO] Move Right
2024-10-03 15:04:51,648 [INFO] Move Right
2024-10-03 15:04:51,696 [INFO] Move Right
2024-10-03 15:04:51,743 [INFO] Move Right
2024-10-03 15:04:51,791 [INFO] Move Right
2024-10-03 15:04:51,837 [INFO] Move Right
2024-10-03 15:04:51,885 [INFO] Move Right
2024-10-03 15:04:52,097 [INFO] Move Right
2024-10-03 15:04:52,152 [INFO] Move Right
2024-10-03 15:04:52,196 [INFO] Move Right
2024-10-03 15:04:52,243 [INFO] Move Right
2024-10-03 15:04:52,289 [INFO] Move Right
2024-10-03 15:04:52,337 [INFO] Move Right
2024-10-03 15:04:52,382 [INFO] Move Right
2024-10-03 15:04:52,433 [INFO] Move Right
2024-10-03 15:04:52,478 [INFO] Move Right
2024-10-03 15:04:52,524 [INFO] Move Right
2024-10-03 15:04:52,571 [INFO] Move Right
2024-10-03 15:04:52,619 [INFO] Move Right
2024-10-03 15:04:52,665 [INFO] Move Right
2024-10-03 15:04:53,702 [INFO] Move Right
2024-10-03 15:04:53,748 [INFO] Move Right
2024-10-03 15:04:53,795 [INFO] Move Right
2024-10-03 15:04:53,844 [INFO] Move Right
2024-10-03 15:04:53,891 [INFO] Move Right
2024-10-03 15:04:53,938 [INFO] Move Right
2024-10-03 15:04:53,986 [INFO] Move Right
2024-10-03 15:04:54,033 [INFO] Move Right
2024-10-03 15:04:54,094 [INFO] Move Right
2024-10-03 15:04:54,142 [INFO] Move Right
2024-10-03 15:04:54,189 [INFO] Move Right
2024-10-03 15:04:54,237 [INFO] Move Right
2024-10-03 15:04:56,625 [INFO] Jump
2024-10-03 15:04:56,625 [INFO] Jump;
2024-10-03 15:04:58,433 [INFO] Jump
2024-10-03 15:04:58,434 [INFO] Jump;
2024-10-03 15:04:58,481 [INFO] Jump
2024-10-03 15:04:58,481 [INFO] Jump;
2024-10-03 15:04:58,529 [INFO] Jump
2024-10-03 15:04:58,529 [INFO] Jump;
2024-10-03 15:04:58,577 [INFO] Move Left
2024-10-03 15:04:58,628 [INFO] Jump; Attack
2024-10-03 15:04:58,628 [INFO] Jump;
2024-10-03 15:04:58,687 [INFO] Attack
2024-10-03 15:04:58,735 [INFO] Attack
2024-10-03 15:04:58,783 [INFO] Attack
2024-10-03 15:04:58,832 [INFO] Attack
2024-10-03 15:04:58,877 [INFO] Attack
2024-10-03 15:04:58,927 [INFO] Attack
2024-10-03 15:04:58,971 [INFO] Attack
2024-10-03 15:04:59,020 [INFO] Move Left
